<?xml version="1.0" encoding="UTF-8"?>
<!-- Generated by org.testng.reporters.JUnitReportReporter -->
<testsuite hostname="NAIR" failures="0" tests="1" name="tests.whitemarttests" time="139.342" errors="0" timestamp="2024-04-16T20:13:22 IST" skipped="0">
  <testcase classname="tests.whitemarttests" name="methodcalling" time="139.342"/>
  <system-out/>
</testsuite> <!-- tests.whitemarttests -->
